[0m10:47:39.029029 [debug] [MainThread]: Sending event: {'category': 'dbt', 'action': 'invocation', 'label': 'start', 'context': [<snowplow_tracker.self_describing_json.SelfDescribingJson object at 0x0000021ED3040F50>, <snowplow_tracker.self_describing_json.SelfDescribingJson object at 0x0000021ED412FC50>, <snowplow_tracker.self_describing_json.SelfDescribingJson object at 0x0000021ED3057F50>]}


============================== 10:47:39.063187 | fec81ec9-7a10-41f9-bab0-a4e891eca23c ==============================
[0m10:47:39.063187 [info ] [MainThread]: Running with dbt=1.11.11
[0m10:47:39.065693 [debug] [MainThread]: running dbt with arguments {'version_check': 'True', 'no_print': 'None', 'static_parser': 'True', 'target_path': 'None', 'warn_error_options': 'WarnErrorOptionsV2(error=[], warn=[], silence=[])', 'printer_width': '80', 'write_json': 'True', 'introspect': 'True', 'log_cache_events': 'False', 'empty': 'None', 'cache_selected_only': 'False', 'log_format': 'default', 'debug': 'False', 'fail_fast': 'False', 'profiles_dir': 'C:\\Users\\lopap\\.dbt', 'send_anonymous_usage_stats': 'True', 'quiet': 'False', 'warn_error': 'None', 'partial_parse': 'True', 'invocation_command': 'dbt init dataops_dbt', 'indirect_selection': 'eager', 'use_colors': 'True', 'use_experimental_parser': 'False', 'log_path': 'logs'}
[0m10:47:39.118026 [info ] [MainThread]: Creating dbt configuration folder at C:\Users\lopap\.dbt
[0m10:47:39.120651 [debug] [MainThread]: Starter project path: C:\Users\lopap\OneDrive\Bureau\Lab_Azurite_Blob\TP-AZURE-BLOB\.venv\Lib\site-packages\dbt\include\starter_project
[0m10:47:39.213219 [info ] [MainThread]: 
Your new dbt project "dataops_dbt" was created!

For more information on how to configure the profiles.yml file,
please consult the dbt documentation here:

  https://docs.getdbt.com/docs/configure-your-profile

One more thing:

Need help? Don't hesitate to reach out to us via GitHub issues or on Slack:

  https://community.getdbt.com/

Happy modeling!

[0m10:47:39.213722 [info ] [MainThread]: Setting up your profile.
[0m10:48:38.151138 [info ] [MainThread]: Profile dataops_dbt written to C:\Users\lopap\.dbt\profiles.yml using target's sample configuration. Once updated, you'll be able to start developing with dbt.
[0m10:48:38.152569 [debug] [MainThread]: Command `dbt init` succeeded at 10:48:38.152569 after 59.27 seconds
[0m10:48:38.153924 [debug] [MainThread]: Sending event: {'category': 'dbt', 'action': 'invocation', 'label': 'end', 'context': [<snowplow_tracker.self_describing_json.SelfDescribingJson object at 0x0000021ED412FC50>, <snowplow_tracker.self_describing_json.SelfDescribingJson object at 0x0000021ED40C6790>, <snowplow_tracker.self_describing_json.SelfDescribingJson object at 0x0000021ED40C5E10>]}
[0m10:48:38.155308 [debug] [MainThread]: Flushing usage events
[0m10:48:38.877324 [debug] [MainThread]: An error was encountered while trying to flush usage events
