[2026-05-27 13:13:43] PIPELINE STARTED
[2026-05-27 13:13:43] START : UPLOAD BLOB
[2026-05-27 13:13:45] Container déjà existant : raw

[2026-05-27 13:13:45] Traceback (most recent call last):
  File "C:\Users\lopap\OneDrive\Bureau\Lab_Azurite_Blob\TP-AZURE-BLOB\scripts\upload_blob.py", line 46, in <module>
    upload_file()
    ~~~~~~~~~~~^^
  File "C:\Users\lopap\OneDrive\Bureau\Lab_Azurite_Blob\TP-AZURE-BLOB\scripts\upload_blob.py", line 40, in upload_file
    blob_client.upload_blob(file, overwrite=True)
    ~~~~~~~~~~~~~~~~~~~~~~~^^^^^^^^^^^^^^^^^^^^^^
  File "C:\Users\lopap\AppData\Local\Python\pythoncore-3.14-64\Lib\site-packages\azure\core\tracing\decorator.py", line 119, in wrapper_use_tracer
    return func(*args, **kwargs)
  File "C:\Users\lopap\AppData\Local\Python\pythoncore-3.14-64\Lib\site-packages\azure\storage\blob\_blob_client.py", line 635, in upload_blob
    return upload_block_blob(**options)
  File "C:\Users\lopap\AppData\Local\Python\pythoncore-3.14-64\Lib\site-packages\azure\storage\blob\_upload_helpers.py", line 197, in upload_block_blob
    process_storage_error(error)
    ~~~~~~~~~~~~~~~~~~~~~^^^^^^^
  File "C:\Users\lopap\AppData\Local\Python\pythoncore-3.14-64\Lib\site-packages\azure\storage\blob\_shared\response_handlers.py", line 196, in process_storage_error
    raise error from None
azure.core.exceptions.HttpResponseError: The API version 2026-04-06 is not supported by Azurite. Please upgrade Azurite to latest version and retry. If you are using Azurite in Visual Studio, please check you have installed latest Visual Studio patch. Azurite command line parameter "--skipApiVersionCheck" or Visual Studio Code configuration "Skip Api Version Check" can skip this error. 
RequestId:f694abce-2a58-435c-a136-24ccef2295eb
Time:2026-05-27T11:13:45.283Z
ErrorCode:InvalidHeaderValue
Content: <?xml version="1.0" encoding="UTF-8" standalone="yes"?>
<Error>
  <Code>InvalidHeaderValue</Code>
  <Message>The API version 2026-04-06 is not supported by Azurite. Please upgrade Azurite to latest version and retry. If you are using Azurite in Visual Studio, please check you have installed latest Visual Studio patch. Azurite command line parameter "--skipApiVersionCheck" or Visual Studio Code configuration "Skip Api Version Check" can skip this error. 
RequestId:f694abce-2a58-435c-a136-24ccef2295eb
Time:2026-05-27T11:13:45.283Z</Message>
</Error>

[2026-05-27 13:13:45] ERROR : UPLOAD BLOB
[2026-05-27 13:14:53] PIPELINE STARTED
[2026-05-27 13:14:53] START : UPLOAD BLOB
[2026-05-27 13:14:54] Container déjà existant : raw
Upload réussi : bitcoin/year=2026/month=05/day=10/test_3.json

[2026-05-27 13:14:54] SUCCESS : UPLOAD BLOB
[2026-05-27 13:14:54] START : LOAD SQLITE
[2026-05-27 13:14:54] Base SQLite prête.
Lecture blob : bitcoin/year=2026/month=05/day=10/test.json
Chargé dans SQLite : bitcoin/year=2026/month=05/day=10/test.json
Lecture blob : bitcoin/year=2026/month=05/day=10/test_2.json
Chargé dans SQLite : bitcoin/year=2026/month=05/day=10/test_2.json
Lecture blob : bitcoin/year=2026/month=05/day=10/test_3.json
Chargé dans SQLite : bitcoin/year=2026/month=05/day=10/test_3.json
Lecture blob : test/test.json
Chargé dans SQLite : test/test.json
Chargement terminé.

[2026-05-27 13:14:54] SUCCESS : LOAD SQLITE
[2026-05-27 13:14:54] START : DBT RUN
[2026-05-27 13:14:54] 'dbt' n'est pas reconnu en tant que commande interne
ou externe, un programme ex‚cutable ou un fichier de commandes.

[2026-05-27 13:14:54] ERROR : DBT RUN
[2026-05-27 13:17:34] PIPELINE STARTED
[2026-05-27 13:17:34] START : UPLOAD BLOB
[2026-05-27 13:17:35] Container déjà existant : raw
Upload réussi : bitcoin/year=2026/month=05/day=10/test_3.json

[2026-05-27 13:17:35] SUCCESS : UPLOAD BLOB
[2026-05-27 13:17:35] START : LOAD SQLITE
[2026-05-27 13:17:35] Base SQLite prête.
Lecture blob : bitcoin/year=2026/month=05/day=10/test.json
Chargé dans SQLite : bitcoin/year=2026/month=05/day=10/test.json
Lecture blob : bitcoin/year=2026/month=05/day=10/test_2.json
Chargé dans SQLite : bitcoin/year=2026/month=05/day=10/test_2.json
Lecture blob : bitcoin/year=2026/month=05/day=10/test_3.json
Chargé dans SQLite : bitcoin/year=2026/month=05/day=10/test_3.json
Lecture blob : test/test.json
Chargé dans SQLite : test/test.json
Chargement terminé.

[2026-05-27 13:17:35] SUCCESS : LOAD SQLITE
[2026-05-27 13:17:35] START : DBT RUN
[2026-05-27 13:17:36] C:\Users\lopap\AppData\Local\Python\pythoncore-3.14-64\python.exe: No module named dbt

[2026-05-27 13:17:36] ERROR : DBT RUN
[2026-05-27 13:19:31] PIPELINE STARTED
[2026-05-27 13:19:31] START : UPLOAD BLOB
[2026-05-27 13:19:32] Container déjà existant : raw
Upload réussi : bitcoin/year=2026/month=05/day=10/test_3.json

[2026-05-27 13:19:32] SUCCESS : UPLOAD BLOB
[2026-05-27 13:19:32] START : LOAD SQLITE
[2026-05-27 13:19:33] Base SQLite prête.
Lecture blob : bitcoin/year=2026/month=05/day=10/test.json
Chargé dans SQLite : bitcoin/year=2026/month=05/day=10/test.json
Lecture blob : bitcoin/year=2026/month=05/day=10/test_2.json
Chargé dans SQLite : bitcoin/year=2026/month=05/day=10/test_2.json
Lecture blob : bitcoin/year=2026/month=05/day=10/test_3.json
Chargé dans SQLite : bitcoin/year=2026/month=05/day=10/test_3.json
Lecture blob : test/test.json
Chargé dans SQLite : test/test.json
Chargement terminé.

[2026-05-27 13:19:33] SUCCESS : LOAD SQLITE
[2026-05-27 13:19:33] START : DBT RUN
[2026-05-27 13:19:33] C:\Users\lopap\AppData\Local\Python\pythoncore-3.14-64\python.exe: No module named dbt

[2026-05-27 13:19:33] ERROR : DBT RUN
[2026-05-27 13:23:07] PIPELINE STARTED
[2026-05-27 13:23:07] START : UPLOAD BLOB
[2026-05-27 13:23:07] Container déjà existant : raw
Upload réussi : bitcoin/year=2026/month=05/day=10/test_3.json

[2026-05-27 13:23:07] SUCCESS : UPLOAD BLOB
[2026-05-27 13:23:07] START : LOAD SQLITE
[2026-05-27 13:23:08] Base SQLite prête.
Lecture blob : bitcoin/year=2026/month=05/day=10/test.json
Chargé dans SQLite : bitcoin/year=2026/month=05/day=10/test.json
Lecture blob : bitcoin/year=2026/month=05/day=10/test_2.json
Chargé dans SQLite : bitcoin/year=2026/month=05/day=10/test_2.json
Lecture blob : bitcoin/year=2026/month=05/day=10/test_3.json
Chargé dans SQLite : bitcoin/year=2026/month=05/day=10/test_3.json
Lecture blob : test/test.json
Chargé dans SQLite : test/test.json
Chargement terminé.

[2026-05-27 13:23:08] SUCCESS : LOAD SQLITE
[2026-05-27 13:23:08] START : DBT RUN
[2026-05-27 13:23:08] C:\Users\lopap\AppData\Local\Python\pythoncore-3.14-64\python.exe: No module named dbt.__main__; 'dbt' is a package and cannot be directly executed

[2026-05-27 13:23:08] ERROR : DBT RUN
[2026-05-27 13:26:08] PIPELINE STARTED
[2026-05-27 13:26:08] START : UPLOAD BLOB
[2026-05-27 13:26:09] Traceback (most recent call last):
  File "C:\Users\lopap\OneDrive\Bureau\Lab_Azurite_Blob\TP-AZURE-BLOB\scripts\upload_blob.py", line 46, in <module>
    upload_file()
    ~~~~~~~~~~~^^
  File "C:\Users\lopap\OneDrive\Bureau\Lab_Azurite_Blob\TP-AZURE-BLOB\scripts\upload_blob.py", line 20, in upload_file
    connection_string = get_connection_string()
  File "C:\Users\lopap\OneDrive\Bureau\Lab_Azurite_Blob\TP-AZURE-BLOB\scripts\upload_blob.py", line 13, in get_connection_string
    raise EnvironmentError(
        "Variable AZURE_STORAGE_CONNECTION_STRING manquante."
    )
OSError: Variable AZURE_STORAGE_CONNECTION_STRING manquante.

[2026-05-27 13:26:09] ERROR : UPLOAD BLOB
[2026-05-27 13:26:48] PIPELINE STARTED
[2026-05-27 13:26:48] START : UPLOAD BLOB
[2026-05-27 13:26:49] Container déjà existant : raw
Upload réussi : bitcoin/year=2026/month=05/day=10/test_3.json

[2026-05-27 13:26:49] SUCCESS : UPLOAD BLOB
[2026-05-27 13:26:49] START : LOAD SQLITE
[2026-05-27 13:26:49] Base SQLite prête.
Lecture blob : bitcoin/year=2026/month=05/day=10/test.json
Chargé dans SQLite : bitcoin/year=2026/month=05/day=10/test.json
Lecture blob : bitcoin/year=2026/month=05/day=10/test_2.json
Chargé dans SQLite : bitcoin/year=2026/month=05/day=10/test_2.json
Lecture blob : bitcoin/year=2026/month=05/day=10/test_3.json
Chargé dans SQLite : bitcoin/year=2026/month=05/day=10/test_3.json
Lecture blob : test/test.json
Chargé dans SQLite : test/test.json
Chargement terminé.

[2026-05-27 13:26:49] SUCCESS : LOAD SQLITE
[2026-05-27 13:26:49] START : DBT RUN
[2026-05-27 13:27:01] 11:26:53  Running with dbt=1.11.11
11:26:54  Registered adapter: sqlite=1.10.0
11:26:54  Unable to do partial parsing because profile has changed
11:26:56  [WARNING]: Configuration paths exist in your dbt_project.yml file which do not apply to any resources.
There are 1 unused configuration paths:
- models.dataops_dbt.example
11:26:56  Found 1 model, 3 data tests, 416 macros
11:26:56  
11:26:56  Concurrency: 1 threads (target='dev')
11:26:56  
11:27:00  1 of 1 START sql view model main.analytics_messages ............................ [RUN]
11:27:00  1 of 1 OK created sql view model main.analytics_messages ....................... [OK in 0.06s]
11:27:00  
11:27:00  Finished running 1 view model in 0 hours 0 minutes and 3.79 seconds (3.79s).
11:27:00  
11:27:00  Completed successfully
11:27:00  
11:27:00  Done. PASS=1 WARN=0 ERROR=0 SKIP=0 NO-OP=0 TOTAL=1

[2026-05-27 13:27:01] SUCCESS : DBT RUN
[2026-05-27 13:27:01] START : DBT TEST
[2026-05-27 13:27:06] 11:27:04  Running with dbt=1.11.11
11:27:04  Registered adapter: sqlite=1.10.0
11:27:04  [WARNING]: Configuration paths exist in your dbt_project.yml file which do not apply to any resources.
There are 1 unused configuration paths:
- models.dataops_dbt.example
11:27:05  Found 1 model, 3 data tests, 416 macros
11:27:05  
11:27:05  Concurrency: 1 threads (target='dev')
11:27:05  
11:27:05  1 of 3 START test not_null_analytics_messages_message .......................... [RUN]
11:27:05  1 of 3 PASS not_null_analytics_messages_message ................................ [PASS in 0.09s]
11:27:05  2 of 3 START test not_null_analytics_messages_source_file ...................... [RUN]
11:27:05  2 of 3 PASS not_null_analytics_messages_source_file ............................ [PASS in 0.02s]
11:27:05  3 of 3 START test unique_analytics_messages_source_file ........................ [RUN]
11:27:05  3 of 3 PASS unique_analytics_messages_source_file .............................. [PASS in 0.03s]
11:27:05  
11:27:05  Finished running 3 data tests in 0 hours 0 minutes and 0.50 seconds (0.50s).
11:27:05  
11:27:05  Completed successfully
11:27:05  
11:27:05  Done. PASS=3 WARN=0 ERROR=0 SKIP=0 NO-OP=0 TOTAL=3

[2026-05-27 13:27:06] SUCCESS : DBT TEST
[2026-05-27 13:27:06] PIPELINE FINISHED
