{"timestamp":"2026-05-28T08:01:55.726791Z","level":"info","event":"DAG bundles loaded: dags-folder, example_dags","logger":"airflow.dag_processing.bundles.manager.DagBundlesManager","filename":"manager.py","lineno":209}
{"timestamp":"2026-05-28T08:01:55.743185Z","level":"info","event":"Filling up the DagBag from /opt/airflow/dags/dataops_pipeline_dag.py","logger":"airflow.dag_processing.dagbag.BundleDagBag","filename":"dagbag.py","lineno":469}
{"timestamp":"2026-05-28T08:01:55.892251Z","level":"warning","event":"The `airflow.operators.bash.BashOperator` attribute is deprecated. Please use `'airflow.providers.standard.operators.bash.BashOperator'`.","category":"UserWarning","filename":"/opt/airflow/dags/dataops_pipeline_dag.py","lineno":3,"logger":"py.warnings"}
{"timestamp":"2026-05-28T08:01:56.663180Z","level":"info","event":"Task instance is in running state","logger":"task.stdout"}
{"timestamp":"2026-05-28T08:01:56.663791Z","level":"info","event":" Previous state of the Task instance: TaskInstanceState.QUEUED","logger":"task.stdout"}
{"timestamp":"2026-05-28T08:01:56.664146Z","level":"info","event":"Current task name:dbt_run","logger":"task.stdout"}
{"timestamp":"2026-05-28T08:01:56.664390Z","level":"info","event":"Dag name:dataops_pipeline","logger":"task.stdout"}
{"timestamp":"2026-05-28T08:01:56.522197Z","level":"info","event":"Tmp dir root location: /tmp","logger":"airflow.task.hooks.airflow.providers.standard.hooks.subprocess.SubprocessHook","filename":"subprocess.py","lineno":78}
{"timestamp":"2026-05-28T08:01:56.528563Z","level":"info","event":"Running command: ['/usr/bin/bash', '-c', 'cd /opt/airflow/project && dbt run --project-dir dataops_dbt --profiles-dir /opt/airflow/project/.dbt']","logger":"airflow.task.hooks.airflow.providers.standard.hooks.subprocess.SubprocessHook","filename":"subprocess.py","lineno":80}
{"timestamp":"2026-05-28T08:01:56.539918Z","level":"info","event":"Output:","logger":"airflow.task.hooks.airflow.providers.standard.hooks.subprocess.SubprocessHook","filename":"subprocess.py","lineno":92}
{"timestamp":"2026-05-28T08:02:07.786916Z","level":"info","event":"\u001b[0m08:02:07  Running with dbt=1.11.11","logger":"airflow.task.hooks.airflow.providers.standard.hooks.subprocess.SubprocessHook","filename":"subprocess.py","lineno":99}
{"timestamp":"2026-05-28T08:02:09.046911Z","level":"info","event":"\u001b[0m08:02:09  Registered adapter: sqlite=1.10.0","logger":"airflow.task.hooks.airflow.providers.standard.hooks.subprocess.SubprocessHook","filename":"subprocess.py","lineno":99}
{"timestamp":"2026-05-28T08:02:10.056354Z","level":"info","event":"\u001b[0m08:02:10  Unable to do partial parsing because profile has changed","logger":"airflow.task.hooks.airflow.providers.standard.hooks.subprocess.SubprocessHook","filename":"subprocess.py","lineno":99}
{"timestamp":"2026-05-28T08:02:17.931843Z","level":"info","event":"\u001b[0m08:02:17  [\u001b[33mWARNING\u001b[0m]: Configuration paths exist in your dbt_project.yml file which do not apply to any resources.","logger":"airflow.task.hooks.airflow.providers.standard.hooks.subprocess.SubprocessHook","filename":"subprocess.py","lineno":99}
{"timestamp":"2026-05-28T08:02:17.932229Z","level":"info","event":"There are 1 unused configuration paths:","logger":"airflow.task.hooks.airflow.providers.standard.hooks.subprocess.SubprocessHook","filename":"subprocess.py","lineno":99}
{"timestamp":"2026-05-28T08:02:17.932410Z","level":"info","event":"- models.dataops_dbt.example","logger":"airflow.task.hooks.airflow.providers.standard.hooks.subprocess.SubprocessHook","filename":"subprocess.py","lineno":99}
{"timestamp":"2026-05-28T08:02:19.100117Z","level":"info","event":"\u001b[0m08:02:19  Found 1 model, 3 data tests, 416 macros","logger":"airflow.task.hooks.airflow.providers.standard.hooks.subprocess.SubprocessHook","filename":"subprocess.py","lineno":99}
{"timestamp":"2026-05-28T08:02:19.129690Z","level":"info","event":"\u001b[0m08:02:19","logger":"airflow.task.hooks.airflow.providers.standard.hooks.subprocess.SubprocessHook","filename":"subprocess.py","lineno":99}
{"timestamp":"2026-05-28T08:02:19.141458Z","level":"info","event":"\u001b[0m08:02:19  Concurrency: 1 threads (target='dev')","logger":"airflow.task.hooks.airflow.providers.standard.hooks.subprocess.SubprocessHook","filename":"subprocess.py","lineno":99}
{"timestamp":"2026-05-28T08:02:19.156951Z","level":"info","event":"\u001b[0m08:02:19","logger":"airflow.task.hooks.airflow.providers.standard.hooks.subprocess.SubprocessHook","filename":"subprocess.py","lineno":99}
{"timestamp":"2026-05-28T08:02:20.210338Z","level":"info","event":"\u001b[0m08:02:20  1 of 1 START sql view model main.analytics_messages ............................ [RUN]","logger":"airflow.task.hooks.airflow.providers.standard.hooks.subprocess.SubprocessHook","filename":"subprocess.py","lineno":99}
{"timestamp":"2026-05-28T08:02:21.258235Z","level":"info","event":"\u001b[0m08:02:21  1 of 1 OK created sql view model main.analytics_messages ....................... [\u001b[32mOK\u001b[0m in 1.00s]","logger":"airflow.task.hooks.airflow.providers.standard.hooks.subprocess.SubprocessHook","filename":"subprocess.py","lineno":99}
{"timestamp":"2026-05-28T08:02:21.405289Z","level":"info","event":"\u001b[0m08:02:21","logger":"airflow.task.hooks.airflow.providers.standard.hooks.subprocess.SubprocessHook","filename":"subprocess.py","lineno":99}
{"timestamp":"2026-05-28T08:02:21.406905Z","level":"info","event":"\u001b[0m08:02:21  Finished running 1 view model in 0 hours 0 minutes and 2.25 seconds (2.25s).","logger":"airflow.task.hooks.airflow.providers.standard.hooks.subprocess.SubprocessHook","filename":"subprocess.py","lineno":99}
{"timestamp":"2026-05-28T08:02:21.854462Z","level":"info","event":"\u001b[0m08:02:21","logger":"airflow.task.hooks.airflow.providers.standard.hooks.subprocess.SubprocessHook","filename":"subprocess.py","lineno":99}
{"timestamp":"2026-05-28T08:02:21.856143Z","level":"info","event":"\u001b[0m08:02:21  \u001b[32mCompleted successfully\u001b[0m","logger":"airflow.task.hooks.airflow.providers.standard.hooks.subprocess.SubprocessHook","filename":"subprocess.py","lineno":99}
{"timestamp":"2026-05-28T08:02:21.856928Z","level":"info","event":"\u001b[0m08:02:21","logger":"airflow.task.hooks.airflow.providers.standard.hooks.subprocess.SubprocessHook","filename":"subprocess.py","lineno":99}
{"timestamp":"2026-05-28T08:02:21.858454Z","level":"info","event":"\u001b[0m08:02:21  Done. PASS=1 WARN=0 ERROR=0 SKIP=0 NO-OP=0 TOTAL=1","logger":"airflow.task.hooks.airflow.providers.standard.hooks.subprocess.SubprocessHook","filename":"subprocess.py","lineno":99}
{"timestamp":"2026-05-28T08:02:27.782695Z","level":"info","event":"Command exited with return code 0","logger":"airflow.task.hooks.airflow.providers.standard.hooks.subprocess.SubprocessHook","filename":"subprocess.py","lineno":103}
{"timestamp":"2026-05-28T08:02:27.797557Z","level":"info","event":"Pushing xcom","ti":"RuntimeTaskInstance(id=UUID('019e6d9a-18d0-73f6-a612-23132a14add3'), task_id='dbt_run', dag_id='dataops_pipeline', run_id='manual__2026-05-28T08:01:15.362379+00:00', try_number=1, dag_version_id=UUID('019e6d93-50a7-7ec0-a4a4-2d1706508518'), map_index=-1, hostname='825c82b9d318', context_carrier={'traceparent': '00-db01f675cb8239d5c51827080289d265-4efdc45425a2cece-01'}, task=<Task(BashOperator): dbt_run>, bundle_instance=LocalDagBundle(name=dags-folder), max_tries=0, start_date=datetime.datetime(2026, 5, 28, 8, 1, 25, 132385, tzinfo=datetime.timezone.utc), end_date=None, state=<TaskInstanceState.RUNNING: 'running'>, is_mapped=False, rendered_map_index=None, sentry_integration='')","logger":"task","filename":"task_runner.py","lineno":1724}
{"timestamp":"2026-05-28T08:02:28.460378Z","level":"info","event":"Task instance in success state","logger":"task.stdout"}
{"timestamp":"2026-05-28T08:02:28.463285Z","level":"info","event":" Previous state of the Task instance: TaskInstanceState.RUNNING","logger":"task.stdout"}
{"timestamp":"2026-05-28T08:02:28.475536Z","level":"info","event":"Task operator:<Task(BashOperator): dbt_run>","logger":"task.stdout"}
